0 info it worked if it ends with ok
1 verbose cli [ '/usr/local/bin/node', '/usr/local/bin/npm', 'start' ]
2 info using npm@3.10.8
3 info using node@v6.8.1
4 verbose run-script [ 'prestart', 'start', 'poststart' ]
5 info lifecycle angular-kblog@1.0.0~prestart: angular-kblog@1.0.0
6 silly lifecycle angular-kblog@1.0.0~prestart: no script for prestart, continuing
7 info lifecycle angular-kblog@1.0.0~start: angular-kblog@1.0.0
8 verbose lifecycle angular-kblog@1.0.0~start: unsafe-perm in lifecycle true
9 verbose lifecycle angular-kblog@1.0.0~start: PATH: /usr/local/lib/node_modules/npm/bin/node-gyp-bin:/Users/Kuan/Desktop/Angular-KBlog/node_modules/.bin:/Library/Frameworks/Python.framework/Versions/3.5/bin:/opt/local/bin:/opt/local/sbin:/Users/Kuan/.rvm/gems/ruby-2.2.1/bin:/Users/Kuan/.rvm/gems/ruby-2.2.1@global/bin:/Users/Kuan/.rvm/rubies/ruby-2.2.1/bin:/usr/local/bin:/usr/bin:/bin:/usr/sbin:/sbin:/opt/local/bin:/Library/Frameworks/Mono.framework/Versions/Current/Commands:/Users/Kuan/.rvm/bin:/Users/Kuan/mongodb/bin
10 verbose lifecycle angular-kblog@1.0.0~start: CWD: /Users/Kuan/Desktop/Angular-KBlog
11 silly lifecycle angular-kblog@1.0.0~start: Args: [ '-c', 'babel-node server/app.js' ]
12 silly lifecycle angular-kblog@1.0.0~start: Returned: code: 1  signal: null
13 info lifecycle angular-kblog@1.0.0~start: Failed to exec start script
14 verbose stack Error: angular-kblog@1.0.0 start: `babel-node server/app.js`
14 verbose stack Exit status 1
14 verbose stack     at EventEmitter.<anonymous> (/usr/local/lib/node_modules/npm/lib/utils/lifecycle.js:255:16)
14 verbose stack     at emitTwo (events.js:106:13)
14 verbose stack     at EventEmitter.emit (events.js:191:7)
14 verbose stack     at ChildProcess.<anonymous> (/usr/local/lib/node_modules/npm/lib/utils/spawn.js:40:14)
14 verbose stack     at emitTwo (events.js:106:13)
14 verbose stack     at ChildProcess.emit (events.js:191:7)
14 verbose stack     at maybeClose (internal/child_process.js:877:16)
14 verbose stack     at Process.ChildProcess._handle.onexit (internal/child_process.js:226:5)
15 verbose pkgid angular-kblog@1.0.0
16 verbose cwd /Users/Kuan/Desktop/Angular-KBlog
17 error Darwin 16.3.0
18 error argv "/usr/local/bin/node" "/usr/local/bin/npm" "start"
19 error node v6.8.1
20 error npm  v3.10.8
21 error code ELIFECYCLE
22 error angular-kblog@1.0.0 start: `babel-node server/app.js`
22 error Exit status 1
23 error Failed at the angular-kblog@1.0.0 start script 'babel-node server/app.js'.
23 error Make sure you have the latest version of node.js and npm installed.
23 error If you do, this is most likely a problem with the angular-kblog package,
23 error not with npm itself.
23 error Tell the author that this fails on your system:
23 error     babel-node server/app.js
23 error You can get information on how to open an issue for this project with:
23 error     npm bugs angular-kblog
23 error Or if that isn't available, you can get their info via:
23 error     npm owner ls angular-kblog
23 error There is likely additional logging output above.
24 verbose exit [ 1, true ]
